#
# There is insufficient memory for the Java Runtime Environment to continue.
# Native memory allocation (mmap) failed to map 121634816 bytes for committing reserved memory.
# Possible reasons:
#   The system is out of physical RAM or swap space
#   In 32 bit mode, the process size limit was hit
# Possible solutions:
#   Reduce memory load on the system
#   Increase physical memory or swap space
#   Check if swap backing store is full
#   Use 64 bit Java on a 64 bit OS
#   Decrease Java heap size (-Xmx/-Xms)
#   Decrease number of Java threads
#   Decrease Java thread stack sizes (-Xss)
#   Set larger code cache with -XX:ReservedCodeCacheSize=
# This output file may be truncated or incomplete.
#
#  Out of Memory Error (os_linux.cpp:2627), pid=26334, tid=0x00007fa4c9b29700
#
# JRE version: Java(TM) SE Runtime Environment (8.0_101-b13) (build 1.8.0_101-b13)
# Java VM: Java HotSpot(TM) 64-Bit Server VM (25.101-b13 mixed mode linux-amd64 compressed oops)
# Failed to write core dump. Core dumps have been disabled. To enable core dumping, try "ulimit -c unlimited" before starting Java again
#

---------------  T H R E A D  ---------------

Current thread (0x00007fa4e8078000):  VMThread [stack: 0x00007fa4c9a29000,0x00007fa4c9b2a000] [id=26344]

Stack: [0x00007fa4c9a29000,0x00007fa4c9b2a000],  sp=0x00007fa4c9b28260,  free space=1020k
Native frames: (J=compiled Java code, j=interpreted, Vv=VM code, C=native code)
V  [libjvm.so+0xac3f0a]  VMError::report_and_die()+0x2ba
V  [libjvm.so+0x4fbf9b]  report_vm_out_of_memory(char const*, int, unsigned long, VMErrorType, char const*)+0x8b
V  [libjvm.so+0x9222d3]  os::Linux::commit_memory_impl(char*, unsigned long, bool)+0x103
V  [libjvm.so+0x922829]  os::pd_commit_memory(char*, unsigned long, unsigned long, bool)+0x29
V  [libjvm.so+0x91cb2a]  os::commit_memory(char*, unsigned long, unsigned long, bool)+0x2a
V  [libjvm.so+0x991053]  PSVirtualSpace::expand_by(unsigned long)+0x53
V  [libjvm.so+0x981920]  PSOldGen::expand(unsigned long)+0x170
V  [libjvm.so+0x981b2b]  PSOldGen::resize(unsigned long)+0x1cb
V  [libjvm.so+0x989821]  PSParallelCompact::invoke_no_policy(bool)+0x991
V  [libjvm.so+0x98f17d]  PSScavenge::invoke()+0x1ad
V  [libjvm.so+0x945fc0]  ParallelScavengeHeap::failed_mem_allocate(unsigned long)+0x70
V  [libjvm.so+0xac5927]  VM_ParallelGCFailedAllocation::doit()+0x97
V  [libjvm.so+0xacd405]  VM_Operation::evaluate()+0x55
V  [libjvm.so+0xacb7da]  VMThread::evaluate_operation(VM_Operation*)+0xba
V  [libjvm.so+0xacbb5e]  VMThread::loop()+0x1ce
V  [libjvm.so+0xacbfd0]  VMThread::run()+0x70
V  [libjvm.so+0x924698]  java_start(Thread*)+0x108

VM_Operation (0x00007fa4f01c9e60): ParallelGCFailedAllocation, mode: safepoint, requested by thread 0x00007fa4e800a000


---------------  P R O C E S S  ---------------

Java Threads: ( => current thread )
  0x00007fa4e817a800 JavaThread "Abandoned connection cleanup thread" daemon [_thread_blocked, id=26353, stack(0x00007fa4c8a3e000,0x00007fa4c8b3f000)]
  0x00007fa4e80c9000 JavaThread "Service Thread" daemon [_thread_blocked, id=26351, stack(0x00007fa4c8c40000,0x00007fa4c8d41000)]
  0x00007fa4e80be000 JavaThread "C1 CompilerThread2" daemon [_thread_blocked, id=26350, stack(0x00007fa4c8d41000,0x00007fa4c8e42000)]
  0x00007fa4e80bc000 JavaThread "C2 CompilerThread1" daemon [_thread_blocked, id=26349, stack(0x00007fa4c8e42000,0x00007fa4c8f43000)]
  0x00007fa4e80b9000 JavaThread "C2 CompilerThread0" daemon [_thread_blocked, id=26348, stack(0x00007fa4c8f43000,0x00007fa4c9044000)]
  0x00007fa4e80b8000 JavaThread "Signal Dispatcher" daemon [_thread_blocked, id=26347, stack(0x00007fa4c9044000,0x00007fa4c9145000)]
  0x00007fa4e8084000 JavaThread "Finalizer" daemon [_thread_blocked, id=26346, stack(0x00007fa4c9827000,0x00007fa4c9928000)]
  0x00007fa4e807f800 JavaThread "Reference Handler" daemon [_thread_blocked, id=26345, stack(0x00007fa4c9928000,0x00007fa4c9a29000)]
  0x00007fa4e800a000 JavaThread "main" [_thread_blocked, id=26339, stack(0x00007fa4f00cb000,0x00007fa4f01cc000)]

Other Threads:
=>0x00007fa4e8078000 VMThread [stack: 0x00007fa4c9a29000,0x00007fa4c9b2a000] [id=26344]
  0x00007fa4e80cc000 WatcherThread [stack: 0x00007fa4c8b3f000,0x00007fa4c8c40000] [id=26352]

VM state:at safepoint (normal execution)

VM Mutex/Monitor currently owned by a thread:  ([mutex/lock_event])
[0x00007fa4e8005b40] ExpandHeap_lock - owner thread: 0x00007fa4e8078000
[0x00007fa4e80061c0] Threads_lock - owner thread: 0x00007fa4e8078000
[0x00007fa4e80066c0] Heap_lock - owner thread: 0x00007fa4e800a000

Heap:
 PSYoungGen      total 220672K, used 85280K [0x00000000eb780000, 0x0000000100000000, 0x0000000100000000)
  eden space 112128K, 0% used [0x00000000eb780000,0x00000000eb780000,0x00000000f2500000)
  from space 108544K, 78% used [0x00000000f9600000,0x00000000fe948010,0x0000000100000000)
  to   space 112128K, 0% used [0x00000000f2500000,0x00000000f2500000,0x00000000f9280000)
 ParOldGen       total 258560K, used 258512K [0x00000000c2600000, 0x00000000d2280000, 0x00000000eb780000)
  object space 258560K, 99% used [0x00000000c2600000,0x00000000d22743a0,0x00000000d2280000)
 Metaspace       used 6830K, capacity 6894K, committed 7168K, reserved 1056768K
  class space    used 696K, capacity 721K, committed 768K, reserved 1048576K

Card table byte_map: [0x00007fa4ecc8b000,0x00007fa4ece79000] byte_map_base: 0x00007fa4ec678000

Marking Bits: (ParMarkBitMap*) 0x00007fa4ef59a120
 Begin Bits: [0x00007fa4ca130000, 0x00007fa4cb098000)
 End Bits:   [0x00007fa4cb098000, 0x00007fa4cc000000)

Polling page: 0x00007fa4f01e4000

CodeCache: size=245760Kb used=2665Kb max_used=2678Kb free=243094Kb
 bounds [0x00007fa4d9000000, 0x00007fa4d92b0000, 0x00007fa4e8000000]
 total_blobs=869 nmethods=521 adapters=262
 compilation: enabled

Compilation events (10 events):
Event: 23.728 Thread 0x00007fa4e80b9000  517  s!   4       java.net.AbstractPlainSocketImpl::available (82 bytes)
Event: 23.733 Thread 0x00007fa4e80b9000 nmethod 517 0x00007fa4d9295dd0 code [0x00007fa4d9295f40, 0x00007fa4d92968e8]
Event: 23.819 Thread 0x00007fa4e80bc000  518       4       java.net.SocketInputStream::available (8 bytes)
Event: 23.819 Thread 0x00007fa4e80bc000 nmethod 518 0x00007fa4d925ced0 code [0x00007fa4d925d020, 0x00007fa4d925d0c8]
Event: 23.825 Thread 0x00007fa4e80bc000  519   !   4       java.net.AbstractPlainSocketImpl::releaseFD (74 bytes)
Event: 23.826 Thread 0x00007fa4e80bc000 nmethod 519 0x00007fa4d9284a10 code [0x00007fa4d9284b60, 0x00007fa4d9284dd8]
Event: 23.827 Thread 0x00007fa4e80bc000  520   !   4       java.net.SocketInputStream::read (290 bytes)
Event: 23.832 Thread 0x00007fa4e80bc000 nmethod 520 0x00007fa4d92a0010 code [0x00007fa4d92a01c0, 0x00007fa4d92a0b38]
Event: 23.832 Thread 0x00007fa4e80bc000  521       4       java.net.SocketInputStream::read (15 bytes)
Event: 23.832 Thread 0x00007fa4e80bc000 nmethod 521 0x00007fa4d925cb50 code [0x00007fa4d925cca0, 0x00007fa4d925cd48]

GC Heap History (10 events):
Event: 24.314 GC heap after
Heap after GC invocations=9 (full 2):
 PSYoungGen      total 155648K, used 38697K [0x00000000eb780000, 0x0000000100000000, 0x0000000100000000)
  eden space 114688K, 0% used [0x00000000eb780000,0x00000000eb780000,0x00000000f2780000)
  from space 40960K, 94% used [0x00000000f2780000,0x00000000f4d4a618,0x00000000f4f80000)
  to   space 78848K, 0% used [0x00000000fb300000,0x00000000fb300000,0x0000000100000000)
 ParOldGen       total 170496K, used 96244K [0x00000000c2600000, 0x00000000ccc80000, 0x00000000eb780000)
  object space 170496K, 56% used [0x00000000c2600000,0x00000000c83fd100,0x00000000ccc80000)
 Metaspace       used 6830K, capacity 6894K, committed 7168K, reserved 1056768K
  class space    used 696K, capacity 721K, committed 768K, reserved 1048576K
}
Event: 24.404 GC heap before
{Heap before GC invocations=10 (full 2):
 PSYoungGen      total 155648K, used 153385K [0x00000000eb780000, 0x0000000100000000, 0x0000000100000000)
  eden space 114688K, 100% used [0x00000000eb780000,0x00000000f2780000,0x00000000f2780000)
  from space 40960K, 94% used [0x00000000f2780000,0x00000000f4d4a618,0x00000000f4f80000)
  to   space 78848K, 0% used [0x00000000fb300000,0x00000000fb300000,0x0000000100000000)
 ParOldGen       total 170496K, used 96244K [0x00000000c2600000, 0x00000000ccc80000, 0x00000000eb780000)
  object space 170496K, 56% used [0x00000000c2600000,0x00000000c83fd100,0x00000000ccc80000)
 Metaspace       used 6830K, capacity 6894K, committed 7168K, reserved 1056768K
  class space    used 696K, capacity 721K, committed 768K, reserved 1048576K
Event: 24.579 GC heap after
Heap after GC invocations=10 (full 2):
 PSYoungGen      total 200192K, used 78845K [0x00000000eb780000, 0x0000000100000000, 0x0000000100000000)
  eden space 121344K, 0% used [0x00000000eb780000,0x00000000eb780000,0x00000000f2e00000)
  from space 78848K, 99% used [0x00000000fb300000,0x00000000fffff568,0x0000000100000000)
  to   space 107520K, 0% used [0x00000000f2e00000,0x00000000f2e00000,0x00000000f9700000)
 ParOldGen       total 170496K, used 125076K [0x00000000c2600000, 0x00000000ccc80000, 0x00000000eb780000)
  object space 170496K, 73% used [0x00000000c2600000,0x00000000ca025100,0x00000000ccc80000)
 Metaspace       used 6830K, capacity 6894K, committed 7168K, reserved 1056768K
  class space    used 696K, capacity 721K, committed 768K, reserved 1048576K
}
Event: 24.579 GC heap before
{Heap before GC invocations=11 (full 3):
 PSYoungGen      total 200192K, used 78845K [0x00000000eb780000, 0x0000000100000000, 0x0000000100000000)
  eden space 121344K, 0% used [0x00000000eb780000,0x00000000eb780000,0x00000000f2e00000)
  from space 78848K, 99% used [0x00000000fb300000,0x00000000fffff568,0x0000000100000000)
  to   space 107520K, 0% used [0x00000000f2e00000,0x00000000f2e00000,0x00000000f9700000)
 ParOldGen       total 170496K, used 125076K [0x00000000c2600000, 0x00000000ccc80000, 0x00000000eb780000)
  object space 170496K, 73% used [0x00000000c2600000,0x00000000ca025100,0x00000000ccc80000)
 Metaspace       used 6830K, capacity 6894K, committed 7168K, reserved 1056768K
  class space    used 696K, capacity 721K, committed 768K, reserved 1048576K
Event: 24.947 GC heap after
Heap after GC invocations=11 (full 3):
 PSYoungGen      total 200192K, used 31168K [0x00000000eb780000, 0x0000000100000000, 0x0000000100000000)
  eden space 121344K, 0% used [0x00000000eb780000,0x00000000eb780000,0x00000000f2e00000)
  from space 78848K, 39% used [0x00000000fb300000,0x00000000fd170138,0x0000000100000000)
  to   space 107520K, 0% used [0x00000000f2e00000,0x00000000f2e00000,0x00000000f9700000)
 ParOldGen       total 258560K, used 170155K [0x00000000c2600000, 0x00000000d2280000, 0x00000000eb780000)
  object space 258560K, 65% used [0x00000000c2600000,0x00000000ccc2ae80,0x00000000d2280000)
 Metaspace       used 6830K, capacity 6894K, committed 7168K, reserved 1056768K
  class space    used 696K, capacity 721K, committed 768K, reserved 1048576K
}
Event: 25.066 GC heap before
{Heap before GC invocations=12 (full 3):
 PSYoungGen      total 200192K, used 152512K [0x00000000eb780000, 0x0000000100000000, 0x0000000100000000)
  eden space 121344K, 100% used [0x00000000eb780000,0x00000000f2e00000,0x00000000f2e00000)
  from space 78848K, 39% used [0x00000000fb300000,0x00000000fd170138,0x0000000100000000)
  to   space 107520K, 0% used [0x00000000f2e00000,0x00000000f2e00000,0x00000000f9700000)
 ParOldGen       total 258560K, used 170155K [0x00000000c2600000, 0x00000000d2280000, 0x00000000eb780000)
  object space 258560K, 65% used [0x00000000c2600000,0x00000000ccc2ae80,0x00000000d2280000)
 Metaspace       used 6830K, capacity 6894K, committed 7168K, reserved 1056768K
  class space    used 696K, capacity 721K, committed 768K, reserved 1048576K
Event: 25.161 GC heap after
Heap after GC invocations=12 (full 3):
 PSYoungGen      total 227840K, used 106028K [0x00000000eb780000, 0x0000000100000000, 0x0000000100000000)
  eden space 121344K, 0% used [0x00000000eb780000,0x00000000eb780000,0x00000000f2e00000)
  from space 106496K, 99% used [0x00000000f2e00000,0x00000000f958b010,0x00000000f9600000)
  to   space 108544K, 0% used [0x00000000f9600000,0x00000000f9600000,0x0000000100000000)
 ParOldGen       total 258560K, used 170155K [0x00000000c2600000, 0x00000000d2280000, 0x00000000eb780000)
  object space 258560K, 65% used [0x00000000c2600000,0x00000000ccc2ae80,0x00000000d2280000)
 Metaspace       used 6830K, capacity 6894K, committed 7168K, reserved 1056768K
  class space    used 696K, capacity 721K, committed 768K, reserved 1048576K
}
Event: 25.278 GC heap before
{Heap before GC invocations=13 (full 3):
 PSYoungGen      total 227840K, used 227372K [0x00000000eb780000, 0x0000000100000000, 0x0000000100000000)
  eden space 121344K, 100% used [0x00000000eb780000,0x00000000f2e00000,0x00000000f2e00000)
  from space 106496K, 99% used [0x00000000f2e00000,0x00000000f958b010,0x00000000f9600000)
  to   space 108544K, 0% used [0x00000000f9600000,0x00000000f9600000,0x0000000100000000)
 ParOldGen       total 258560K, used 170155K [0x00000000c2600000, 0x00000000d2280000, 0x00000000eb780000)
  object space 258560K, 65% used [0x00000000c2600000,0x00000000ccc2ae80,0x00000000d2280000)
 Metaspace       used 6830K, capacity 6894K, committed 7168K, reserved 1056768K
  class space    used 696K, capacity 721K, committed 768K, reserved 1048576K
Event: 25.397 GC heap after
Heap after GC invocations=13 (full 3):
 PSYoungGen      total 220672K, used 108530K [0x00000000eb780000, 0x0000000100000000, 0x0000000100000000)
  eden space 112128K, 0% used [0x00000000eb780000,0x00000000eb780000,0x00000000f2500000)
  from space 108544K, 99% used [0x00000000f9600000,0x00000000ffffc808,0x0000000100000000)
  to   space 112128K, 0% used [0x00000000f2500000,0x00000000f2500000,0x00000000f9280000)
 ParOldGen       total 258560K, used 239363K [0x00000000c2600000, 0x00000000d2280000, 0x00000000eb780000)
  object space 258560K, 92% used [0x00000000c2600000,0x00000000d0fc0e80,0x00000000d2280000)
 Metaspace       used 6830K, capacity 6894K, committed 7168K, reserved 1056768K
  class space    used 696K, capacity 721K, committed 768K, reserved 1048576K
}
Event: 25.398 GC heap before
{Heap before GC invocations=14 (full 4):
 PSYoungGen      total 220672K, used 108530K [0x00000000eb780000, 0x0000000100000000, 0x0000000100000000)
  eden space 112128K, 0% used [0x00000000eb780000,0x00000000eb780000,0x00000000f2500000)
  from space 108544K, 99% used [0x00000000f9600000,0x00000000ffffc808,0x0000000100000000)
  to   space 112128K, 0% used [0x00000000f2500000,0x00000000f2500000,0x00000000f9280000)
 ParOldGen       total 258560K, used 239363K [0x00000000c2600000, 0x00000000d2280000, 0x00000000eb780000)
  object space 258560K, 92% used [0x00000000c2600000,0x00000000d0fc0e80,0x00000000d2280000)
 Metaspace       used 6830K, capacity 6894K, committed 7168K, reserved 1056768K
  class space    used 696K, capacity 721K, committed 768K, reserved 1048576K

Deoptimization events (10 events):
Event: 0.349 Thread 0x00007fa4e800a000 Uncommon trap: reason=unstable_if action=reinterpret pc=0x00007fa4d9134034 method=java.util.Properties.loadConvert([CII[C)Ljava/lang/String; @ 4
Event: 0.349 Thread 0x00007fa4e800a000 Uncommon trap: reason=class_check action=maybe_recompile pc=0x00007fa4d9139840 method=java.util.Properties$LineReader.readLine()I @ 62
Event: 3.342 Thread 0x00007fa4e800a000 Uncommon trap: reason=unstable_if action=reinterpret pc=0x00007fa4d91f39a8 method=com.mysql.jdbc.Buffer.isEOFPacket()Z @ 13
Event: 3.413 Thread 0x00007fa4e800a000 Uncommon trap: reason=unstable_if action=reinterpret pc=0x00007fa4d921a89c method=sun.nio.cs.UTF_8$Decoder.decodeArrayLoop(Ljava/nio/ByteBuffer;Ljava/nio/CharBuffer;)Ljava/nio/charset/CoderResult; @ 84
Event: 3.424 Thread 0x00007fa4e800a000 Uncommon trap: reason=predicate action=maybe_recompile pc=0x00007fa4d924e920 method=java.util.AbstractCollection.toArray([Ljava/lang/Object;)[Ljava/lang/Object; @ 49
Event: 3.442 Thread 0x00007fa4e800a000 Uncommon trap: reason=unstable_if action=reinterpret pc=0x00007fa4d920a6a0 method=sun.nio.cs.UTF_8$Decoder.decodeArrayLoop(Ljava/nio/ByteBuffer;Ljava/nio/CharBuffer;)Ljava/nio/charset/CoderResult; @ 84
Event: 3.470 Thread 0x00007fa4e800a000 Uncommon trap: reason=array_check action=maybe_recompile pc=0x00007fa4d926d8e8 method=java.util.AbstractCollection.toArray([Ljava/lang/Object;)[Ljava/lang/Object; @ 119
Event: 3.470 Thread 0x00007fa4e800a000 Uncommon trap: reason=array_check action=maybe_recompile pc=0x00007fa4d926d8e8 method=java.util.AbstractCollection.toArray([Ljava/lang/Object;)[Ljava/lang/Object; @ 119
Event: 3.470 Thread 0x00007fa4e800a000 Uncommon trap: reason=array_check action=maybe_recompile pc=0x00007fa4d926d8e8 method=java.util.AbstractCollection.toArray([Ljava/lang/Object;)[Ljava/lang/Object; @ 119
Event: 3.470 Thread 0x00007fa4e800a000 Uncommon trap: reason=array_check action=maybe_recompile pc=0x00007fa4d926d8e8 method=java.util.AbstractCollection.toArray([Ljava/lang/Object;)[Ljava/lang/Object; @ 119

Internal exceptions (8 events):
Event: 0.032 Thread 0x00007fa4e800a000 Exception <a 'java/lang/NoSuchMethodError': Method sun.misc.Unsafe.defineClass(Ljava/lang/String;[BII)Ljava/lang/Class; name or signature does not match> (0x00000000eb787cc0) thrown at [/HUDSON3/workspace/8-2-build-linux-amd64/jdk8u101/7261/hotspot/src/sh
Event: 0.032 Thread 0x00007fa4e800a000 Exception <a 'java/lang/NoSuchMethodError': Method sun.misc.Unsafe.prefetchRead(Ljava/lang/Object;J)V name or signature does not match> (0x00000000eb787fa8) thrown at [/HUDSON3/workspace/8-2-build-linux-amd64/jdk8u101/7261/hotspot/src/share/vm/prims/jni.c
Event: 0.096 Thread 0x00007fa4e800a000 Exception <a 'java/security/PrivilegedActionException'> (0x00000000eb7f9bf8) thrown at [/HUDSON3/workspace/8-2-build-linux-amd64/jdk8u101/7261/hotspot/src/share/vm/prims/jvm.cpp, line 1386]
Event: 0.096 Thread 0x00007fa4e800a000 Exception <a 'java/security/PrivilegedActionException'> (0x00000000eb7f9e08) thrown at [/HUDSON3/workspace/8-2-build-linux-amd64/jdk8u101/7261/hotspot/src/share/vm/prims/jvm.cpp, line 1386]
Event: 0.106 Thread 0x00007fa4e800a000 Exception <a 'java/security/PrivilegedActionException'> (0x00000000eb88c960) thrown at [/HUDSON3/workspace/8-2-build-linux-amd64/jdk8u101/7261/hotspot/src/share/vm/prims/jvm.cpp, line 1386]
Event: 0.106 Thread 0x00007fa4e800a000 Exception <a 'java/security/PrivilegedActionException'> (0x00000000eb88cb70) thrown at [/HUDSON3/workspace/8-2-build-linux-amd64/jdk8u101/7261/hotspot/src/share/vm/prims/jvm.cpp, line 1386]
Event: 0.106 Thread 0x00007fa4e800a000 Exception <a 'java/security/PrivilegedActionException'> (0x00000000eb88f130) thrown at [/HUDSON3/workspace/8-2-build-linux-amd64/jdk8u101/7261/hotspot/src/share/vm/prims/jvm.cpp, line 1386]
Event: 0.106 Thread 0x00007fa4e800a000 Exception <a 'java/security/PrivilegedActionException'> (0x00000000eb88f340) thrown at [/HUDSON3/workspace/8-2-build-linux-amd64/jdk8u101/7261/hotspot/src/share/vm/prims/jvm.cpp, line 1386]

Events (10 events):
Event: 23.717 Executing VM operation: ParallelGCFailedAllocation done
Event: 23.765 Executing VM operation: ParallelGCFailedAllocation
Event: 23.798 Executing VM operation: ParallelGCFailedAllocation done
Event: 23.933 Executing VM operation: ParallelGCFailedAllocation
Event: 24.314 Executing VM operation: ParallelGCFailedAllocation done
Event: 24.404 Executing VM operation: ParallelGCFailedAllocation
Event: 24.947 Executing VM operation: ParallelGCFailedAllocation done
Event: 25.064 Executing VM operation: ParallelGCFailedAllocation
Event: 25.162 Executing VM operation: ParallelGCFailedAllocation done
Event: 25.278 Executing VM operation: ParallelGCFailedAllocation


Dynamic libraries:
00400000-00401000 r-xp 00000000 08:01 421384                             /usr/lib/jvm/jdk1.8.0_101/bin/java
00600000-00601000 rw-p 00000000 08:01 421384                             /usr/lib/jvm/jdk1.8.0_101/bin/java
006c7000-006e8000 rw-p 00000000 00:00 0                                  [heap]
c2600000-d2280000 rw-p 00000000 00:00 0 
d9680000-eb780000 ---p 00000000 00:00 0 
eb780000-100000000 rw-p 00000000 00:00 0 
100000000-1000c0000 rw-p 00000000 00:00 0 
1000c0000-140000000 ---p 00000000 00:00 0 
7fa49c000000-7fa49c021000 rw-p 00000000 00:00 0 
7fa49c021000-7fa4a0000000 ---p 00000000 00:00 0 
7fa4a0000000-7fa4a0021000 rw-p 00000000 00:00 0 
7fa4a0021000-7fa4a4000000 ---p 00000000 00:00 0 
7fa4a4000000-7fa4a42e9000 rw-p 00000000 00:00 0 
7fa4a42e9000-7fa4a8000000 ---p 00000000 00:00 0 
7fa4a8000000-7fa4a8021000 rw-p 00000000 00:00 0 
7fa4a8021000-7fa4ac000000 ---p 00000000 00:00 0 
7fa4ac000000-7fa4ac6c1000 rw-p 00000000 00:00 0 
7fa4ac6c1000-7fa4b0000000 ---p 00000000 00:00 0 
7fa4b0000000-7fa4b0747000 rw-p 00000000 00:00 0 
7fa4b0747000-7fa4b4000000 ---p 00000000 00:00 0 
7fa4b4000000-7fa4b4021000 rw-p 00000000 00:00 0 
7fa4b4021000-7fa4b8000000 ---p 00000000 00:00 0 
7fa4b8000000-7fa4b8021000 rw-p 00000000 00:00 0 
7fa4b8021000-7fa4bc000000 ---p 00000000 00:00 0 
7fa4bc000000-7fa4bc28d000 rw-p 00000000 00:00 0 
7fa4bc28d000-7fa4c0000000 ---p 00000000 00:00 0 
7fa4c0000000-7fa4c0021000 rw-p 00000000 00:00 0 
7fa4c0021000-7fa4c4000000 ---p 00000000 00:00 0 
7fa4c4000000-7fa4c4050000 rw-p 00000000 00:00 0 
7fa4c4050000-7fa4c8000000 ---p 00000000 00:00 0 
7fa4c8827000-7fa4c883d000 r-xp 00000000 08:01 533552                     /usr/lib/jvm/jdk1.8.0_101/jre/lib/amd64/libnet.so
7fa4c883d000-7fa4c8a3d000 ---p 00016000 08:01 533552                     /usr/lib/jvm/jdk1.8.0_101/jre/lib/amd64/libnet.so
7fa4c8a3d000-7fa4c8a3e000 rw-p 00016000 08:01 533552                     /usr/lib/jvm/jdk1.8.0_101/jre/lib/amd64/libnet.so
7fa4c8a3e000-7fa4c8a41000 ---p 00000000 00:00 0 
7fa4c8a41000-7fa4c8b3f000 rw-p 00000000 00:00 0                          [stack:26353]
7fa4c8b3f000-7fa4c8b40000 ---p 00000000 00:00 0 
7fa4c8b40000-7fa4c8c40000 rw-p 00000000 00:00 0                          [stack:26352]
7fa4c8c40000-7fa4c8c43000 ---p 00000000 00:00 0 
7fa4c8c43000-7fa4c8d41000 rw-p 00000000 00:00 0                          [stack:26351]
7fa4c8d41000-7fa4c8d44000 ---p 00000000 00:00 0 
7fa4c8d44000-7fa4c8e42000 rw-p 00000000 00:00 0                          [stack:26350]
7fa4c8e42000-7fa4c8e45000 ---p 00000000 00:00 0 
7fa4c8e45000-7fa4c8f43000 rw-p 00000000 00:00 0                          [stack:26349]
7fa4c8f43000-7fa4c8f46000 ---p 00000000 00:00 0 
7fa4c8f46000-7fa4c9044000 rw-p 00000000 00:00 0                          [stack:26348]
7fa4c9044000-7fa4c9047000 ---p 00000000 00:00 0 
7fa4c9047000-7fa4c9145000 rw-p 00000000 00:00 0                          [stack:26347]
7fa4c9145000-7fa4c9827000 r--p 00000000 08:01 401443                     /usr/lib/locale/locale-archive
7fa4c9827000-7fa4c982a000 ---p 00000000 00:00 0 
7fa4c982a000-7fa4c9928000 rw-p 00000000 00:00 0                          [stack:26346]
7fa4c9928000-7fa4c992b000 ---p 00000000 00:00 0 
7fa4c992b000-7fa4c9a29000 rw-p 00000000 00:00 0                          [stack:26345]
7fa4c9a29000-7fa4c9a2a000 ---p 00000000 00:00 0 
7fa4c9a2a000-7fa4cc000000 rw-p 00000000 00:00 0                          [stack:26344]
7fa4cc000000-7fa4cc021000 rw-p 00000000 00:00 0 
7fa4cc021000-7fa4d0000000 ---p 00000000 00:00 0 
7fa4d0000000-7fa4d0043000 rw-p 00000000 00:00 0 
7fa4d0043000-7fa4d4000000 ---p 00000000 00:00 0 
7fa4d4000000-7fa4d4021000 rw-p 00000000 00:00 0 
7fa4d4021000-7fa4d8000000 ---p 00000000 00:00 0 
7fa4d80f9000-7fa4d8e40000 rw-p 00000000 00:00 0 
7fa4d8e40000-7fa4d9000000 ---p 00000000 00:00 0 
7fa4d9000000-7fa4d92b0000 rwxp 00000000 00:00 0 
7fa4d92b0000-7fa4e8000000 ---p 00000000 00:00 0 
7fa4e8000000-7fa4e85e0000 rw-p 00000000 00:00 0 
7fa4e85e0000-7fa4ec000000 ---p 00000000 00:00 0 
7fa4ec014000-7fa4ec018000 r--s 00097000 08:01 533397                     /usr/lib/jvm/jdk1.8.0_101/jre/lib/jsse.jar
7fa4ec018000-7fa4ec01d000 r--s 002f9000 08:01 533396                     /usr/lib/jvm/jdk1.8.0_101/jre/lib/charsets.jar
7fa4ec01d000-7fa4ec042000 r--s 0017e000 08:01 1208821                    /home/yueyang/workspace/Metrics/lib/ujmp-complete-0.2.5.jar
7fa4ec042000-7fa4ec04e000 r--s 000a6000 08:01 1208820                    /home/yueyang/workspace/Metrics/lib/jxl.jar
7fa4ec04e000-7fa4ec302000 rw-p 00000000 00:00 0 
7fa4ec302000-7fa4ec4db000 r--s 03d29000 08:01 533510                     /usr/lib/jvm/jdk1.8.0_101/jre/lib/rt.jar
7fa4ec4db000-7fa4ec73e000 rw-p 00000000 00:00 0 
7fa4ec73e000-7fa4ec73f000 ---p 00000000 00:00 0 
7fa4ec73f000-7fa4ec83f000 rw-p 00000000 00:00 0                          [stack:26343]
7fa4ec83f000-7fa4ec840000 ---p 00000000 00:00 0 
7fa4ec840000-7fa4ec940000 rw-p 00000000 00:00 0                          [stack:26342]
7fa4ec940000-7fa4ec941000 ---p 00000000 00:00 0 
7fa4ec941000-7fa4eca41000 rw-p 00000000 00:00 0                          [stack:26341]
7fa4eca41000-7fa4eca42000 ---p 00000000 00:00 0 
7fa4eca42000-7fa4ecbc1000 rw-p 00000000 00:00 0                          [stack:26340]
7fa4ecbc1000-7fa4ecc8b000 ---p 00000000 00:00 0 
7fa4ecc8b000-7fa4ecd0a000 rw-p 00000000 00:00 0 
7fa4ecd0a000-7fa4ecdd3000 ---p 00000000 00:00 0 
7fa4ecdd3000-7fa4ece78000 rw-p 00000000 00:00 0 
7fa4ece78000-7fa4ece84000 rw-p 00000000 00:00 0 
7fa4ece84000-7fa4ed239000 ---p 00000000 00:00 0 
7fa4ed239000-7fa4ed253000 r-xp 00000000 08:01 533559                     /usr/lib/jvm/jdk1.8.0_101/jre/lib/amd64/libzip.so
7fa4ed253000-7fa4ed453000 ---p 0001a000 08:01 533559                     /usr/lib/jvm/jdk1.8.0_101/jre/lib/amd64/libzip.so
7fa4ed453000-7fa4ed454000 rw-p 0001a000 08:01 533559                     /usr/lib/jvm/jdk1.8.0_101/jre/lib/amd64/libzip.so
7fa4ed454000-7fa4ed45f000 r-xp 00000000 08:01 660134                     /lib/x86_64-linux-gnu/libnss_files-2.19.so
7fa4ed45f000-7fa4ed65e000 ---p 0000b000 08:01 660134                     /lib/x86_64-linux-gnu/libnss_files-2.19.so
7fa4ed65e000-7fa4ed65f000 r--p 0000a000 08:01 660134                     /lib/x86_64-linux-gnu/libnss_files-2.19.so
7fa4ed65f000-7fa4ed660000 rw-p 0000b000 08:01 660134                     /lib/x86_64-linux-gnu/libnss_files-2.19.so
7fa4ed660000-7fa4ed66b000 r-xp 00000000 08:01 660144                     /lib/x86_64-linux-gnu/libnss_nis-2.19.so
7fa4ed66b000-7fa4ed86a000 ---p 0000b000 08:01 660144                     /lib/x86_64-linux-gnu/libnss_nis-2.19.so
7fa4ed86a000-7fa4ed86b000 r--p 0000a000 08:01 660144                     /lib/x86_64-linux-gnu/libnss_nis-2.19.so
7fa4ed86b000-7fa4ed86c000 rw-p 0000b000 08:01 660144                     /lib/x86_64-linux-gnu/libnss_nis-2.19.so
7fa4ed86c000-7fa4ed883000 r-xp 00000000 08:01 660128                     /lib/x86_64-linux-gnu/libnsl-2.19.so
7fa4ed883000-7fa4eda82000 ---p 00017000 08:01 660128                     /lib/x86_64-linux-gnu/libnsl-2.19.so
7fa4eda82000-7fa4eda83000 r--p 00016000 08:01 660128                     /lib/x86_64-linux-gnu/libnsl-2.19.so
7fa4eda83000-7fa4eda84000 rw-p 00017000 08:01 660128                     /lib/x86_64-linux-gnu/libnsl-2.19.so
7fa4eda84000-7fa4eda86000 rw-p 00000000 00:00 0 
7fa4eda86000-7fa4eda8f000 r-xp 00000000 08:01 660130                     /lib/x86_64-linux-gnu/libnss_compat-2.19.so
7fa4eda8f000-7fa4edc8e000 ---p 00009000 08:01 660130                     /lib/x86_64-linux-gnu/libnss_compat-2.19.so
7fa4edc8e000-7fa4edc8f000 r--p 00008000 08:01 660130                     /lib/x86_64-linux-gnu/libnss_compat-2.19.so
7fa4edc8f000-7fa4edc90000 rw-p 00009000 08:01 660130                     /lib/x86_64-linux-gnu/libnss_compat-2.19.so
7fa4edc90000-7fa4edcba000 r-xp 00000000 08:01 533523                     /usr/lib/jvm/jdk1.8.0_101/jre/lib/amd64/libjava.so
7fa4edcba000-7fa4edeba000 ---p 0002a000 08:01 533523                     /usr/lib/jvm/jdk1.8.0_101/jre/lib/amd64/libjava.so
7fa4edeba000-7fa4edebc000 rw-p 0002a000 08:01 533523                     /usr/lib/jvm/jdk1.8.0_101/jre/lib/amd64/libjava.so
7fa4edebc000-7fa4edec9000 r-xp 00000000 08:01 533570                     /usr/lib/jvm/jdk1.8.0_101/jre/lib/amd64/libverify.so
7fa4edec9000-7fa4ee0c9000 ---p 0000d000 08:01 533570                     /usr/lib/jvm/jdk1.8.0_101/jre/lib/amd64/libverify.so
7fa4ee0c9000-7fa4ee0cb000 rw-p 0000d000 08:01 533570                     /usr/lib/jvm/jdk1.8.0_101/jre/lib/amd64/libverify.so
7fa4ee0cb000-7fa4ee0d2000 r-xp 00000000 08:01 660187                     /lib/x86_64-linux-gnu/librt-2.19.so
7fa4ee0d2000-7fa4ee2d1000 ---p 00007000 08:01 660187                     /lib/x86_64-linux-gnu/librt-2.19.so
7fa4ee2d1000-7fa4ee2d2000 r--p 00006000 08:01 660187                     /lib/x86_64-linux-gnu/librt-2.19.so
7fa4ee2d2000-7fa4ee2d3000 rw-p 00007000 08:01 660187                     /lib/x86_64-linux-gnu/librt-2.19.so
7fa4ee2d3000-7fa4ee3d8000 r-xp 00000000 08:01 660109                     /lib/x86_64-linux-gnu/libm-2.19.so
7fa4ee3d8000-7fa4ee5d7000 ---p 00105000 08:01 660109                     /lib/x86_64-linux-gnu/libm-2.19.so
7fa4ee5d7000-7fa4ee5d8000 r--p 00104000 08:01 660109                     /lib/x86_64-linux-gnu/libm-2.19.so
7fa4ee5d8000-7fa4ee5d9000 rw-p 00105000 08:01 660109                     /lib/x86_64-linux-gnu/libm-2.19.so
7fa4ee5d9000-7fa4ef2a4000 r-xp 00000000 08:01 533548                     /usr/lib/jvm/jdk1.8.0_101/jre/lib/amd64/server/libjvm.so
7fa4ef2a4000-7fa4ef4a3000 ---p 00ccb000 08:01 533548                     /usr/lib/jvm/jdk1.8.0_101/jre/lib/amd64/server/libjvm.so
7fa4ef4a3000-7fa4ef57c000 rw-p 00cca000 08:01 533548                     /usr/lib/jvm/jdk1.8.0_101/jre/lib/amd64/server/libjvm.so
7fa4ef57c000-7fa4ef5c7000 rw-p 00000000 00:00 0 
7fa4ef5c7000-7fa4ef782000 r-xp 00000000 08:01 660059                     /lib/x86_64-linux-gnu/libc-2.19.so
7fa4ef782000-7fa4ef982000 ---p 001bb000 08:01 660059                     /lib/x86_64-linux-gnu/libc-2.19.so
7fa4ef982000-7fa4ef986000 r--p 001bb000 08:01 660059                     /lib/x86_64-linux-gnu/libc-2.19.so
7fa4ef986000-7fa4ef988000 rw-p 001bf000 08:01 660059                     /lib/x86_64-linux-gnu/libc-2.19.so
7fa4ef988000-7fa4ef98d000 rw-p 00000000 00:00 0 
7fa4ef98d000-7fa4ef990000 r-xp 00000000 08:01 660076                     /lib/x86_64-linux-gnu/libdl-2.19.so
7fa4ef990000-7fa4efb8f000 ---p 00003000 08:01 660076                     /lib/x86_64-linux-gnu/libdl-2.19.so
7fa4efb8f000-7fa4efb90000 r--p 00002000 08:01 660076                     /lib/x86_64-linux-gnu/libdl-2.19.so
7fa4efb90000-7fa4efb91000 rw-p 00003000 08:01 660076                     /lib/x86_64-linux-gnu/libdl-2.19.so
7fa4efb91000-7fa4efba6000 r-xp 00000000 08:01 421348                     /usr/lib/jvm/jdk1.8.0_101/lib/amd64/jli/libjli.so
7fa4efba6000-7fa4efda6000 ---p 00015000 08:01 421348                     /usr/lib/jvm/jdk1.8.0_101/lib/amd64/jli/libjli.so
7fa4efda6000-7fa4efda7000 rw-p 00015000 08:01 421348                     /usr/lib/jvm/jdk1.8.0_101/lib/amd64/jli/libjli.so
7fa4efda7000-7fa4efdc0000 r-xp 00000000 08:01 660179                     /lib/x86_64-linux-gnu/libpthread-2.19.so
7fa4efdc0000-7fa4effbf000 ---p 00019000 08:01 660179                     /lib/x86_64-linux-gnu/libpthread-2.19.so
7fa4effbf000-7fa4effc0000 r--p 00018000 08:01 660179                     /lib/x86_64-linux-gnu/libpthread-2.19.so
7fa4effc0000-7fa4effc1000 rw-p 00019000 08:01 660179                     /lib/x86_64-linux-gnu/libpthread-2.19.so
7fa4effc1000-7fa4effc5000 rw-p 00000000 00:00 0 
7fa4effc5000-7fa4effe8000 r-xp 00000000 08:01 660035                     /lib/x86_64-linux-gnu/ld-2.19.so
7fa4effe8000-7fa4efff2000 r--s 000e8000 08:01 1208829                    /home/yueyang/workspace/Metrics/lib/mysql-connector-java-5.1.39-bin.jar
7fa4efff2000-7fa4f00cb000 rw-p 00000000 00:00 0 
7fa4f00cb000-7fa4f00ce000 ---p 00000000 00:00 0 
7fa4f00ce000-7fa4f01d0000 rw-p 00000000 00:00 0                          [stack:26339]
7fa4f01d2000-7fa4f01d3000 rw-p 00000000 00:00 0 
7fa4f01d3000-7fa4f01d6000 r--s 0001b000 08:01 1208819                    /home/yueyang/workspace/Metrics/lib/junit.jar
7fa4f01d6000-7fa4f01d9000 r--s 00029000 08:01 1208818                    /home/yueyang/workspace/Metrics/lib/JFlex.jar
7fa4f01d9000-7fa4f01db000 r--s 00016000 08:01 1208817                    /home/yueyang/workspace/Metrics/lib/java-cup.jar
7fa4f01db000-7fa4f01e3000 rw-s 00000000 08:01 794571                     /tmp/hsperfdata_yueyang/26334
7fa4f01e3000-7fa4f01e4000 rw-p 00000000 00:00 0 
7fa4f01e4000-7fa4f01e5000 ---p 00000000 00:00 0 
7fa4f01e5000-7fa4f01e7000 rw-p 00000000 00:00 0 
7fa4f01e7000-7fa4f01e8000 r--p 00022000 08:01 660035                     /lib/x86_64-linux-gnu/ld-2.19.so
7fa4f01e8000-7fa4f01e9000 rw-p 00023000 08:01 660035                     /lib/x86_64-linux-gnu/ld-2.19.so
7fa4f01e9000-7fa4f01ea000 rw-p 00000000 00:00 0 
7fff3b873000-7fff3b895000 rw-p 00000000 00:00 0                          [stack]
7fff3b9ec000-7fff3b9ee000 r-xp 00000000 00:00 0                          [vdso]
7fff3b9ee000-7fff3b9f0000 r--p 00000000 00:00 0                          [vvar]
ffffffffff600000-ffffffffff601000 r-xp 00000000 00:00 0                  [vsyscall]

VM Arguments:
jvm_args: -Dfile.encoding=UTF-8 
java_command: metrics.DataCollect
java_class_path (initial): /home/yueyang/workspace/Metrics/bin:/home/yueyang/workspace/Metrics/lib/java-cup.jar:/home/yueyang/workspace/Metrics/lib/JFlex.jar:/home/yueyang/workspace/Metrics/lib/junit.jar:/home/yueyang/workspace/Metrics/lib/jxl.jar:/home/yueyang/workspace/Metrics/lib/ujmp-complete-0.2.5.jar:/home/yueyang/workspace/Metrics/lib/mysql-connector-java-5.1.39-bin.jar
Launcher Type: SUN_STANDARD

Environment Variables:
JAVA_HOME=/usr/lib/jvm/jdk1.8.0_101
CLASSPATH=.:/usr/lib/jvm/jdk1.8.0_101/lib/dt.jar:/usr/lib/jvm/jdk1.8.0_101/lib/tools.jar
PATH=/usr/lib/jvm/jdk1.8.0_101/bin:/usr/local/sbin:/usr/local/bin:/usr/sbin:/usr/bin:/sbin:/bin:/usr/games:/usr/local/games
SHELL=/bin/bash
DISPLAY=:0

Signal Handlers:
SIGSEGV: [libjvm.so+0xac4790], sa_mask[0]=11111111011111111101111111111110, sa_flags=SA_RESTART|SA_SIGINFO
SIGBUS: [libjvm.so+0xac4790], sa_mask[0]=11111111011111111101111111111110, sa_flags=SA_RESTART|SA_SIGINFO
SIGFPE: [libjvm.so+0x91f140], sa_mask[0]=11111111011111111101111111111110, sa_flags=SA_RESTART|SA_SIGINFO
SIGPIPE: [libjvm.so+0x91f140], sa_mask[0]=11111111011111111101111111111110, sa_flags=SA_RESTART|SA_SIGINFO
SIGXFSZ: [libjvm.so+0x91f140], sa_mask[0]=11111111011111111101111111111110, sa_flags=SA_RESTART|SA_SIGINFO
SIGILL: [libjvm.so+0x91f140], sa_mask[0]=11111111011111111101111111111110, sa_flags=SA_RESTART|SA_SIGINFO
SIGUSR1: SIG_DFL, sa_mask[0]=00000000000000000000000000000000, sa_flags=none
SIGUSR2: [libjvm.so+0x920770], sa_mask[0]=00100000000000000000000000000000, sa_flags=SA_RESTART|SA_SIGINFO
SIGHUP: [libjvm.so+0x921b70], sa_mask[0]=11111111011111111101111111111110, sa_flags=SA_RESTART|SA_SIGINFO
SIGINT: [libjvm.so+0x921b70], sa_mask[0]=11111111011111111101111111111110, sa_flags=SA_RESTART|SA_SIGINFO
SIGTERM: [libjvm.so+0x921b70], sa_mask[0]=11111111011111111101111111111110, sa_flags=SA_RESTART|SA_SIGINFO
SIGQUIT: [libjvm.so+0x921b70], sa_mask[0]=11111111011111111101111111111110, sa_flags=SA_RESTART|SA_SIGINFO


---------------  S Y S T E M  ---------------

OS:DISTRIB_ID=Ubuntu
DISTRIB_RELEASE=14.04
DISTRIB_CODENAME=trusty
DISTRIB_DESCRIPTION="Ubuntu 14.04.2 LTS"

uname:Linux 3.16.0-30-generic #40~14.04.1-Ubuntu SMP Thu Jan 15 17:43:14 UTC 2015 x86_64
libc:glibc 2.19 NPTL 2.19 
rlimit: STACK 8192k, CORE 0k, NPROC 15669, NOFILE 4096, AS infinity
load average:1.70 1.22 1.08

/proc/meminfo:
MemTotal:        4033728 kB
MemFree:          105224 kB
MemAvailable:      71564 kB
Buffers:             844 kB
Cached:            86048 kB
SwapCached:            0 kB
Active:          3369636 kB
Inactive:          53268 kB
Active(anon):    3337920 kB
Inactive(anon):    20792 kB
Active(file):      31716 kB
Inactive(file):    32476 kB
Unevictable:          32 kB
Mlocked:              32 kB
SwapTotal:             0 kB
SwapFree:              0 kB
Dirty:                40 kB
Writeback:             0 kB
AnonPages:       3336672 kB
Mapped:            48752 kB
Shmem:             22072 kB
Slab:              87424 kB
SReclaimable:      37420 kB
SUnreclaim:        50004 kB
KernelStack:       14928 kB
PageTables:        35068 kB
NFS_Unstable:          0 kB
Bounce:                0 kB
WritebackTmp:          0 kB
CommitLimit:     2016864 kB
Committed_AS:    5592116 kB
VmallocTotal:   34359738367 kB
VmallocUsed:      176568 kB
VmallocChunk:   34359463016 kB
HardwareCorrupted:     0 kB
AnonHugePages:   1804288 kB
HugePages_Total:       0
HugePages_Free:        0
HugePages_Rsvd:        0
HugePages_Surp:        0
Hugepagesize:       2048 kB
DirectMap4k:       73536 kB
DirectMap2M:     3072000 kB
DirectMap1G:     3145728 kB


CPU:total 4 (2 cores per cpu, 1 threads per core) family 6 model 60 stepping 3, cmov, cx8, fxsr, mmx, sse, sse2, sse3, ssse3, sse4.1, sse4.2, popcnt, avx, avx2, aes, clmul, erms, lzcnt, tsc, tscinvbit, bmi1, bmi2

/proc/cpuinfo:
processor	: 0
vendor_id	: GenuineIntel
cpu family	: 6
model		: 60
model name	: Intel(R) Core(TM) i5-4590 CPU @ 3.30GHz
stepping	: 3
microcode	: 0x1a
cpu MHz		: 3292.469
cache size	: 6144 KB
physical id	: 0
siblings	: 2
core id		: 0
cpu cores	: 2
apicid		: 0
initial apicid	: 0
fpu		: yes
fpu_exception	: yes
cpuid level	: 13
wp		: yes
flags		: fpu vme de pse tsc msr pae mce cx8 apic sep mtrr pge mca cmov pat pse36 clflush dts mmx fxsr sse sse2 ss ht syscall nx pdpe1gb rdtscp lm constant_tsc arch_perfmon pebs bts nopl xtopology tsc_reliable nonstop_tsc aperfmperf eagerfpu pni pclmulqdq ssse3 fma cx16 pcid sse4_1 sse4_2 x2apic movbe popcnt tsc_deadline_timer aes xsave avx f16c rdrand hypervisor lahf_lm abm ida arat epb xsaveopt pln pts dtherm fsgsbase tsc_adjust bmi1 avx2 smep bmi2 invpcid
bogomips	: 6584.93
clflush size	: 64
cache_alignment	: 64
address sizes	: 42 bits physical, 48 bits virtual
power management:

processor	: 1
vendor_id	: GenuineIntel
cpu family	: 6
model		: 60
model name	: Intel(R) Core(TM) i5-4590 CPU @ 3.30GHz
stepping	: 3
microcode	: 0x1a
cpu MHz		: 3292.469
cache size	: 6144 KB
physical id	: 0
siblings	: 2
core id		: 1
cpu cores	: 2
apicid		: 1
initial apicid	: 1
fpu		: yes
fpu_exception	: yes
cpuid level	: 13
wp		: yes
flags		: fpu vme de pse tsc msr pae mce cx8 apic sep mtrr pge mca cmov pat pse36 clflush dts mmx fxsr sse sse2 ss ht syscall nx pdpe1gb rdtscp lm constant_tsc arch_perfmon pebs bts nopl xtopology tsc_reliable nonstop_tsc aperfmperf eagerfpu pni pclmulqdq ssse3 fma cx16 pcid sse4_1 sse4_2 x2apic movbe popcnt tsc_deadline_timer aes xsave avx f16c rdrand hypervisor lahf_lm abm ida arat epb xsaveopt pln pts dtherm fsgsbase tsc_adjust bmi1 avx2 smep bmi2 invpcid
bogomips	: 6584.93
clflush size	: 64
cache_alignment	: 64
address sizes	: 42 bits physical, 48 bits virtual
power management:

processor	: 2
vendor_id	: GenuineIntel
cpu family	: 6
model		: 60
model name	: Intel(R) Core(TM) i5-4590 CPU @ 3.30GHz
stepping	: 3
microcode	: 0x1a
cpu MHz		: 3292.469
cache size	: 6144 KB
physical id	: 1
siblings	: 2
core id		: 0
cpu cores	: 2
apicid		: 2
initial apicid	: 2
fpu		: yes
fpu_exception	: yes
cpuid level	: 13
wp		: yes
flags		: fpu vme de pse tsc msr pae mce cx8 apic sep mtrr pge mca cmov pat pse36 clflush dts mmx fxsr sse sse2 ss ht syscall nx pdpe1gb rdtscp lm constant_tsc arch_perfmon pebs bts nopl xtopology tsc_reliable nonstop_tsc aperfmperf eagerfpu pni pclmulqdq ssse3 fma cx16 pcid sse4_1 sse4_2 x2apic movbe popcnt tsc_deadline_timer aes xsave avx f16c rdrand hypervisor lahf_lm abm ida arat epb xsaveopt pln pts dtherm fsgsbase tsc_adjust bmi1 avx2 smep bmi2 invpcid
bogomips	: 6584.93
clflush size	: 64
cache_alignment	: 64
address sizes	: 42 bits physical, 48 bits virtual
power management:

processor	: 3
vendor_id	: GenuineIntel
cpu family	: 6
model		: 60
model name	: Intel(R) Core(TM) i5-4590 CPU @ 3.30GHz
stepping	: 3
microcode	: 0x1a
cpu MHz		: 3292.469
cache size	: 6144 KB
physical id	: 1
siblings	: 2
core id		: 1
cpu cores	: 2
apicid		: 3
initial apicid	: 3
fpu		: yes
fpu_exception	: yes
cpuid level	: 13
wp		: yes
flags		: fpu vme de pse tsc msr pae mce cx8 apic sep mtrr pge mca cmov pat pse36 clflush dts mmx fxsr sse sse2 ss ht syscall nx pdpe1gb rdtscp lm constant_tsc arch_perfmon pebs bts nopl xtopology tsc_reliable nonstop_tsc aperfmperf eagerfpu pni pclmulqdq ssse3 fma cx16 pcid sse4_1 sse4_2 x2apic movbe popcnt tsc_deadline_timer aes xsave avx f16c rdrand hypervisor lahf_lm abm ida arat epb xsaveopt pln pts dtherm fsgsbase tsc_adjust bmi1 avx2 smep bmi2 invpcid
bogomips	: 6584.93
clflush size	: 64
cache_alignment	: 64
address sizes	: 42 bits physical, 48 bits virtual
power management:



Memory: 4k page, physical 4033728k(105224k free), swap 0k(0k free)

vm_info: Java HotSpot(TM) 64-Bit Server VM (25.101-b13) for linux-amd64 JRE (1.8.0_101-b13), built on Jun 22 2016 02:59:44 by "java_re" with gcc 4.3.0 20080428 (Red Hat 4.3.0-8)

time: Wed Oct 26 10:52:56 2016
elapsed time: 26 seconds (0d 0h 0m 26s)

